  Player.cpp
d:\tank\tank\tank\terraingenerator.h(28): warning C4244: 'initialisation' : conversion de 'double' en 'size_t', perte possible de données
d:\tank\tank\tank\player.cpp(75): warning C4244: 'argument' : conversion de 'T' en 'size_t', perte possible de données
          with
          [
              T=float
          ]
d:\tank\tank\tank\player.cpp(77): warning C4244: 'argument' : conversion de 'T' en 'size_t', perte possible de données
          with
          [
              T=float
          ]
d:\tank\tank\tank\player.cpp(77): warning C4244: 'initialisation' : conversion de 'double' en 'float', perte possible de données
d:\tank\tank\tank\player.cpp(84): warning C4244: 'argument' : conversion de 'T' en 'size_t', perte possible de données
          with
          [
              T=float
          ]
d:\tank\tank\tank\player.cpp(89): warning C4244: '-=' : conversion de 'float' en 'int', perte possible de données
d:\tank\tank\tank\player.cpp(207): warning C4244: 'argument' : conversion de 'double' en 'T', perte possible de données
          with
          [
              T=float
          ]
d:\tank\tank\tank\player.cpp(268): warning C4244: 'return' : conversion de 'const float' en 'int', perte possible de données
d:\tank\tank\tank\player.cpp(283): warning C4244: 'return' : conversion de 'double' en 'float', perte possible de données
  Shoot.cpp
d:\tank\tank\tank\terraingenerator.h(28): warning C4244: 'initialisation' : conversion de 'double' en 'size_t', perte possible de données
d:\tank\tank\tank\shoot.cpp(28): warning C4244: 'return' : conversion de 'float' en 'int', perte possible de données
  main.cpp
d:\tank\tank\tank\terraingenerator.h(28): warning C4244: 'initialisation' : conversion de 'double' en 'size_t', perte possible de données
d:\tank\tank\tank\main.cpp(58): warning C4244: 'argument' : conversion de 'time_t' en 'unsigned int', perte possible de données
  Génération de code en cours...
  TANK.vcxproj -> D:\TANK\TANK\x64\Debug\TANK.exe
